{
  "RSpec": {
    "coverage": {
      "/Users/RaleighD/dev/bevalkyri/app/models/board.rb": [
        1,
        1,
        1,
        1,
        1,
        null
      ],
      "/Users/RaleighD/dev/bevalkyri/spec/models/game_spec.rb": [
        1,
        null,
        1,
        2,
        null,
        1,
        1,
        1,
        null,
        null,
        null,
        1,
        2,
        2,
        null,
        null,
        1,
        2,
        2,
        null,
        null,
        1,
        1,
        1,
        1,
        null,
        null,
        null,
        null
      ],
      "/Users/RaleighD/dev/bevalkyri/app/models/game.rb": [
        1,
        1,
        1,
        null,
        1,
        null
      ],
      "/Users/RaleighD/dev/bevalkyri/spec/models/player_spec.rb": [
        1,
        null,
        1,
        2,
        null,
        1,
        1,
        1,
        null,
        null,
        null,
        1,
        2,
        2,
        2,
        2,
        null,
        null,
        1,
        2,
        2,
        2,
        2,
        2,
        2,
        null,
        null,
        null
      ],
      "/Users/RaleighD/dev/bevalkyri/app/models/player.rb": [
        1,
        1,
        1,
        1,
        1,
        1,
        1,
        null,
        1,
        null
      ],
      "/Users/RaleighD/dev/bevalkyri/spec/models/user_spec.rb": [
        1,
        null,
        1,
        2,
        null,
        1,
        1,
        1,
        null,
        null,
        null,
        1,
        2,
        2,
        1,
        1,
        1,
        null,
        null,
        1,
        2,
        2,
        2,
        2,
        null,
        null,
        null,
        1,
        2,
        2,
        null,
        null,
        null
      ],
      "/Users/RaleighD/dev/bevalkyri/app/models/user.rb": [
        1,
        1,
        1,
        null,
        1,
        null,
        1,
        1,
        1,
        null,
        null,
        null,
        null,
        null,
        null,
        null,
        null,
        null,
        null,
        null,
        null,
        null
      ],
      "/Users/RaleighD/dev/bevalkyri/app/models/building.rb": [
        1,
        1,
        null,
        null
      ],
      "/Users/RaleighD/dev/bevalkyri/app/models/tile.rb": [
        1,
        1,
        null,
        null
      ],
      "/Users/RaleighD/dev/bevalkyri/app/models/stat.rb": [
        1,
        1,
        null,
        null
      ]
    },
    "timestamp": 1387408021
  }
}
